0 info it worked if it ends with ok
1 verbose cli [ 'node', '/usr/local/bin/npm', 'run', 'webpack-dev' ]
2 info using npm@2.5.1
3 info using node@v0.12.0
4 verbose node symlink /usr/local/bin/node
5 verbose run-script [ 'prewebpack-dev', 'webpack-dev', 'postwebpack-dev' ]
6 info prewebpack-dev rails-react-flux-csp@
7 info webpack-dev rails-react-flux-csp@
8 verbose unsafe-perm in lifecycle true
9 info rails-react-flux-csp@ Failed to exec webpack-dev script
10 verbose stack Error: rails-react-flux-csp@ webpack-dev: `webpack-dev-server --config config/webpack/development.config.js --hot --progress --inline`
10 verbose stack Exit status 1
10 verbose stack     at EventEmitter.<anonymous> (/usr/local/lib/node_modules/npm/lib/utils/lifecycle.js:213:16)
10 verbose stack     at EventEmitter.emit (events.js:110:17)
10 verbose stack     at ChildProcess.<anonymous> (/usr/local/lib/node_modules/npm/lib/utils/spawn.js:14:12)
10 verbose stack     at ChildProcess.emit (events.js:110:17)
10 verbose stack     at maybeClose (child_process.js:1008:16)
10 verbose stack     at Process.ChildProcess._handle.onexit (child_process.js:1080:5)
11 verbose pkgid rails-react-flux-csp@
12 verbose cwd /Users/colorvisa/Desktop/workarea/working-on/rails-react-flux-csp
13 error Darwin 14.1.0
14 error argv "node" "/usr/local/bin/npm" "run" "webpack-dev"
15 error node v0.12.0
16 error npm  v2.5.1
17 error code ELIFECYCLE
18 error rails-react-flux-csp@ webpack-dev: `webpack-dev-server --config config/webpack/development.config.js --hot --progress --inline`
18 error Exit status 1
19 error Failed at the rails-react-flux-csp@ webpack-dev script 'webpack-dev-server --config config/webpack/development.config.js --hot --progress --inline'.
19 error This is most likely a problem with the rails-react-flux-csp package,
19 error not with npm itself.
19 error Tell the author that this fails on your system:
19 error     webpack-dev-server --config config/webpack/development.config.js --hot --progress --inline
19 error You can get their info via:
19 error     npm owner ls rails-react-flux-csp
19 error There is likely additional logging output above.
20 verbose exit [ 1, true ]
